2020-11-04 22:19:07,268 DEBUG [org.springframework.web.context.support.XmlWebApplicationContext] - Closing WebApplicationContext for namespace 'dispatcherServlet-servlet', started on Wed Nov 04 22:17:33 CST 2020, parent: Root WebApplicationContext
2020-11-04 22:19:07,275 DEBUG [org.springframework.web.context.support.XmlWebApplicationContext] - Closing Root WebApplicationContext, started on Wed Nov 04 22:17:32 CST 2020
2020-11-04 22:19:07,284 INFO [com.alibaba.druid.pool.DruidDataSource] - {dataSource-1} closed
2020-11-04 22:19:10,260 INFO [org.springframework.web.context.ContextLoader] - Root WebApplicationContext: initialization started
2020-11-04 22:19:10,321 DEBUG [org.springframework.web.context.support.XmlWebApplicationContext] - Refreshing Root WebApplicationContext
2020-11-04 22:19:10,495 DEBUG [org.springframework.beans.factory.xml.XmlBeanDefinitionReader] - Loaded 4 bean definitions from URL [jar:file:/D:/LittlePrograme/Export_Parent/Export_Web_Manager/target/Export_Web_Manager-1.0/WEB-INF/lib/Export_Dao-1.0.jar!/spring/applicationContext-dao.xml]
2020-11-04 22:19:10,576 DEBUG [org.springframework.context.annotation.ClassPathBeanDefinitionScanner] - Identified candidate component class: URL [jar:file:/D:/LittlePrograme/Export_Parent/Export_Web_Manager/target/Export_Web_Manager-1.0/WEB-INF/lib/Export_System_Service-1.0.jar!/cn/htl/service/company/impl/CompanyServiceImpl.class]
2020-11-04 22:19:10,577 DEBUG [org.springframework.context.annotation.ClassPathBeanDefinitionScanner] - Identified candidate component class: URL [jar:file:/D:/LittlePrograme/Export_Parent/Export_Web_Manager/target/Export_Web_Manager-1.0/WEB-INF/lib/Export_System_Service-1.0.jar!/cn/htl/service/system/dept/impl/DeptServiceImpl.class]
2020-11-04 22:19:10,577 DEBUG [org.springframework.context.annotation.ClassPathBeanDefinitionScanner] - Identified candidate component class: URL [jar:file:/D:/LittlePrograme/Export_Parent/Export_Web_Manager/target/Export_Web_Manager-1.0/WEB-INF/lib/Export_System_Service-1.0.jar!/cn/htl/service/system/module/impl/ModuleServiceImpl.class]
2020-11-04 22:19:10,577 DEBUG [org.springframework.context.annotation.ClassPathBeanDefinitionScanner] - Identified candidate component class: URL [jar:file:/D:/LittlePrograme/Export_Parent/Export_Web_Manager/target/Export_Web_Manager-1.0/WEB-INF/lib/Export_System_Service-1.0.jar!/cn/htl/service/system/role/impl/RoleServiceImpl.class]
2020-11-04 22:19:10,578 DEBUG [org.springframework.context.annotation.ClassPathBeanDefinitionScanner] - Identified candidate component class: URL [jar:file:/D:/LittlePrograme/Export_Parent/Export_Web_Manager/target/Export_Web_Manager-1.0/WEB-INF/lib/Export_System_Service-1.0.jar!/cn/htl/service/system/user/impl/IUserServiceImpl.class]
2020-11-04 22:19:10,629 DEBUG [org.springframework.beans.factory.xml.XmlBeanDefinitionReader] - Loaded 15 bean definitions from URL [jar:file:/D:/LittlePrograme/Export_Parent/Export_Web_Manager/target/Export_Web_Manager-1.0/WEB-INF/lib/Export_System_Service-1.0.jar!/spring/applicationContext-tx.xml]
2020-11-04 22:19:10,677 DEBUG [org.springframework.beans.factory.support.DefaultListableBeanFactory] - Creating shared instance of singleton bean 'org.springframework.context.annotation.internalConfigurationAnnotationProcessor'
2020-11-04 22:19:10,746 DEBUG [org.springframework.beans.factory.support.DefaultListableBeanFactory] - Creating shared instance of singleton bean 'org.mybatis.spring.mapper.MapperScannerConfigurer#0'
2020-11-04 22:19:10,783 DEBUG [org.mybatis.spring.mapper.ClassPathMapperScanner] - Identified candidate component class: URL [jar:file:/D:/LittlePrograme/Export_Parent/Export_Web_Manager/target/Export_Web_Manager-1.0/WEB-INF/lib/Export_Dao-1.0.jar!/cn/htl/dao/company/ICompanyDao.class]
2020-11-04 22:19:10,783 DEBUG [org.mybatis.spring.mapper.ClassPathMapperScanner] - Identified candidate component class: URL [jar:file:/D:/LittlePrograme/Export_Parent/Export_Web_Manager/target/Export_Web_Manager-1.0/WEB-INF/lib/Export_Dao-1.0.jar!/cn/htl/dao/system/dept/IDeptDao.class]
2020-11-04 22:19:10,783 DEBUG [org.mybatis.spring.mapper.ClassPathMapperScanner] - Identified candidate component class: URL [jar:file:/D:/LittlePrograme/Export_Parent/Export_Web_Manager/target/Export_Web_Manager-1.0/WEB-INF/lib/Export_Dao-1.0.jar!/cn/htl/dao/system/module/IModuleDao.class]
2020-11-04 22:19:10,784 DEBUG [org.mybatis.spring.mapper.ClassPathMapperScanner] - Identified candidate component class: URL [jar:file:/D:/LittlePrograme/Export_Parent/Export_Web_Manager/target/Export_Web_Manager-1.0/WEB-INF/lib/Export_Dao-1.0.jar!/cn/htl/dao/system/role/IRoleDao.class]
2020-11-04 22:19:10,784 DEBUG [org.mybatis.spring.mapper.ClassPathMapperScanner] - Identified candidate component class: URL [jar:file:/D:/LittlePrograme/Export_Parent/Export_Web_Manager/target/Export_Web_Manager-1.0/WEB-INF/lib/Export_Dao-1.0.jar!/cn/htl/dao/system/user/IUserDao.class]
2020-11-04 22:19:10,784 DEBUG [org.mybatis.spring.mapper.ClassPathMapperScanner] - Creating MapperFactoryBean with name 'ICompanyDao' and 'cn.htl.dao.company.ICompanyDao' mapperInterface
2020-11-04 22:19:10,786 DEBUG [org.mybatis.spring.mapper.ClassPathMapperScanner] - Enabling autowire by type for MapperFactoryBean with name 'ICompanyDao'.
2020-11-04 22:19:10,786 DEBUG [org.mybatis.spring.mapper.ClassPathMapperScanner] - Creating MapperFactoryBean with name 'IDeptDao' and 'cn.htl.dao.system.dept.IDeptDao' mapperInterface
2020-11-04 22:19:10,786 DEBUG [org.mybatis.spring.mapper.ClassPathMapperScanner] - Enabling autowire by type for MapperFactoryBean with name 'IDeptDao'.
2020-11-04 22:19:10,786 DEBUG [org.mybatis.spring.mapper.ClassPathMapperScanner] - Creating MapperFactoryBean with name 'IModuleDao' and 'cn.htl.dao.system.module.IModuleDao' mapperInterface
2020-11-04 22:19:10,786 DEBUG [org.mybatis.spring.mapper.ClassPathMapperScanner] - Enabling autowire by type for MapperFactoryBean with name 'IModuleDao'.
2020-11-04 22:19:10,786 DEBUG [org.mybatis.spring.mapper.ClassPathMapperScanner] - Creating MapperFactoryBean with name 'IRoleDao' and 'cn.htl.dao.system.role.IRoleDao' mapperInterface
2020-11-04 22:19:10,786 DEBUG [org.mybatis.spring.mapper.ClassPathMapperScanner] - Enabling autowire by type for MapperFactoryBean with name 'IRoleDao'.
2020-11-04 22:19:10,786 DEBUG [org.mybatis.spring.mapper.ClassPathMapperScanner] - Creating MapperFactoryBean with name 'IUserDao' and 'cn.htl.dao.system.user.IUserDao' mapperInterface
2020-11-04 22:19:10,786 DEBUG [org.mybatis.spring.mapper.ClassPathMapperScanner] - Enabling autowire by type for MapperFactoryBean with name 'IUserDao'.
2020-11-04 22:19:10,788 DEBUG [org.springframework.beans.factory.support.DefaultListableBeanFactory] - Creating shared instance of singleton bean 'org.springframework.context.support.PropertySourcesPlaceholderConfigurer#0'
2020-11-04 22:19:10,806 DEBUG [org.springframework.jndi.JndiTemplate] - Looking up JNDI object with name [java:comp/env/jdbc.url]
2020-11-04 22:19:10,806 DEBUG [org.springframework.jndi.JndiLocatorDelegate] - Converted JNDI name [java:comp/env/jdbc.url] not found - trying original name [jdbc.url]. javax.naming.NameNotFoundException: Name [jdbc.url] is not bound in this Context. Unable to find [jdbc.url].
2020-11-04 22:19:10,806 DEBUG [org.springframework.jndi.JndiTemplate] - Looking up JNDI object with name [jdbc.url]
2020-11-04 22:19:10,807 DEBUG [org.springframework.jndi.JndiPropertySource] - JNDI lookup for name [jdbc.url] threw NamingException with message: Name [jdbc.url] is not bound in this Context. Unable to find [jdbc.url].. Returning null.
2020-11-04 22:19:10,807 DEBUG [org.springframework.core.env.PropertySourcesPropertyResolver] - Found key 'jdbc.url' in PropertySource 'localProperties' with value of type String
2020-11-04 22:19:10,807 DEBUG [org.springframework.jndi.JndiTemplate] - Looking up JNDI object with name [java:comp/env/jdbc.driver]
2020-11-04 22:19:10,807 DEBUG [org.springframework.jndi.JndiLocatorDelegate] - Converted JNDI name [java:comp/env/jdbc.driver] not found - trying original name [jdbc.driver]. javax.naming.NameNotFoundException: Name [jdbc.driver] is not bound in this Context. Unable to find [jdbc.driver].
2020-11-04 22:19:10,807 DEBUG [org.springframework.jndi.JndiTemplate] - Looking up JNDI object with name [jdbc.driver]
2020-11-04 22:19:10,807 DEBUG [org.springframework.jndi.JndiPropertySource] - JNDI lookup for name [jdbc.driver] threw NamingException with message: Name [jdbc.driver] is not bound in this Context. Unable to find [jdbc.driver].. Returning null.
2020-11-04 22:19:10,807 DEBUG [org.springframework.core.env.PropertySourcesPropertyResolver] - Found key 'jdbc.driver' in PropertySource 'localProperties' with value of type String
2020-11-04 22:19:10,807 DEBUG [org.springframework.jndi.JndiTemplate] - Looking up JNDI object with name [java:comp/env/jdbc.username]
2020-11-04 22:19:10,808 DEBUG [org.springframework.jndi.JndiLocatorDelegate] - Converted JNDI name [java:comp/env/jdbc.username] not found - trying original name [jdbc.username]. javax.naming.NameNotFoundException: Name [jdbc.username] is not bound in this Context. Unable to find [jdbc.username].
2020-11-04 22:19:10,808 DEBUG [org.springframework.jndi.JndiTemplate] - Looking up JNDI object with name [jdbc.username]
2020-11-04 22:19:10,808 DEBUG [org.springframework.jndi.JndiPropertySource] - JNDI lookup for name [jdbc.username] threw NamingException with message: Name [jdbc.username] is not bound in this Context. Unable to find [jdbc.username].. Returning null.
2020-11-04 22:19:10,808 DEBUG [org.springframework.core.env.PropertySourcesPropertyResolver] - Found key 'jdbc.username' in PropertySource 'localProperties' with value of type String
2020-11-04 22:19:10,808 DEBUG [org.springframework.jndi.JndiTemplate] - Looking up JNDI object with name [java:comp/env/jdbc.password]
2020-11-04 22:19:10,808 DEBUG [org.springframework.jndi.JndiLocatorDelegate] - Converted JNDI name [java:comp/env/jdbc.password] not found - trying original name [jdbc.password]. javax.naming.NameNotFoundException: Name [jdbc.password] is not bound in this Context. Unable to find [jdbc.password].
2020-11-04 22:19:10,808 DEBUG [org.springframework.jndi.JndiTemplate] - Looking up JNDI object with name [jdbc.password]
2020-11-04 22:19:10,808 DEBUG [org.springframework.jndi.JndiPropertySource] - JNDI lookup for name [jdbc.password] threw NamingException with message: Name [jdbc.password] is not bound in this Context. Unable to find [jdbc.password].. Returning null.
2020-11-04 22:19:10,808 DEBUG [org.springframework.core.env.PropertySourcesPropertyResolver] - Found key 'jdbc.password' in PropertySource 'localProperties' with value of type String
2020-11-04 22:19:10,809 DEBUG [org.springframework.beans.factory.support.DefaultListableBeanFactory] - Creating shared instance of singleton bean 'org.springframework.context.event.internalEventListenerProcessor'
2020-11-04 22:19:10,811 DEBUG [org.springframework.beans.factory.support.DefaultListableBeanFactory] - Creating shared instance of singleton bean 'org.springframework.context.event.internalEventListenerFactory'
2020-11-04 22:19:10,813 DEBUG [org.springframework.beans.factory.support.DefaultListableBeanFactory] - Creating shared instance of singleton bean 'org.springframework.context.annotation.internalAutowiredAnnotationProcessor'
2020-11-04 22:19:10,815 DEBUG [org.springframework.beans.factory.support.DefaultListableBeanFactory] - Creating shared instance of singleton bean 'org.springframework.context.annotation.internalCommonAnnotationProcessor'
2020-11-04 22:19:10,819 DEBUG [org.springframework.beans.factory.support.DefaultListableBeanFactory] - Creating shared instance of singleton bean 'org.springframework.aop.config.internalAutoProxyCreator'
2020-11-04 22:19:10,855 DEBUG [org.springframework.ui.context.support.UiApplicationContextUtils] - Unable to locate ThemeSource with name 'themeSource': using default [org.springframework.ui.context.support.ResourceBundleThemeSource@6a9fefbf]
2020-11-04 22:19:10,856 DEBUG [org.springframework.beans.factory.support.DefaultListableBeanFactory] - Creating shared instance of singleton bean 'dataSource'
2020-11-04 22:19:10,857 DEBUG [org.springframework.beans.factory.support.DefaultListableBeanFactory] - Creating shared instance of singleton bean 'org.springframework.aop.support.DefaultBeanFactoryPointcutAdvisor#0'
2020-11-04 22:19:11,140 DEBUG [org.springframework.beans.factory.support.DefaultListableBeanFactory] - Creating shared instance of singleton bean 'sqlSessionFactory'
2020-11-04 22:19:11,250 DEBUG [org.mybatis.spring.SqlSessionFactoryBean] - Property 'configuration' or 'configLocation' not specified, using default MyBatis Configuration
2020-11-04 22:19:11,333 DEBUG [org.mybatis.spring.SqlSessionFactoryBean] - Scanned package: 'cn.htl.domain' for aliases
2020-11-04 22:19:11,333 DEBUG [org.mybatis.spring.SqlSessionFactoryBean] - Registered plugin: 'com.github.pagehelper.PageInterceptor@534666c9'
2020-11-04 22:19:11,334 DEBUG [org.mybatis.spring.SqlSessionFactoryBean] - Property 'mapperLocations' was not specified or no matching resources found
2020-11-04 22:19:11,342 DEBUG [org.springframework.beans.factory.support.DefaultListableBeanFactory] - Creating shared instance of singleton bean 'companyServiceImpl'
2020-11-04 22:19:11,377 DEBUG [org.springframework.beans.factory.support.DefaultListableBeanFactory] - Creating shared instance of singleton bean 'ICompanyDao'
2020-11-04 22:19:11,641 DEBUG [org.springframework.beans.factory.support.DefaultListableBeanFactory] - Creating shared instance of singleton bean 'txAdvice'
2020-11-04 22:19:11,649 DEBUG [org.springframework.beans.factory.support.DefaultListableBeanFactory] - Creating shared instance of singleton bean 'transactionManager'
2020-11-04 22:19:11,688 DEBUG [org.springframework.transaction.interceptor.NameMatchTransactionAttributeSource] - Adding transactional method [find*] with attribute [PROPAGATION_SUPPORTS,ISOLATION_DEFAULT]
2020-11-04 22:19:11,688 DEBUG [org.springframework.transaction.interceptor.NameMatchTransactionAttributeSource] - Adding transactional method [query*] with attribute [PROPAGATION_SUPPORTS,ISOLATION_DEFAULT]
2020-11-04 22:19:11,688 DEBUG [org.springframework.transaction.interceptor.NameMatchTransactionAttributeSource] - Adding transactional method [select*] with attribute [PROPAGATION_SUPPORTS,ISOLATION_DEFAULT]
2020-11-04 22:19:11,688 DEBUG [org.springframework.transaction.interceptor.NameMatchTransactionAttributeSource] - Adding transactional method [get*] with attribute [PROPAGATION_SUPPORTS,ISOLATION_DEFAULT]
2020-11-04 22:19:11,688 DEBUG [org.springframework.transaction.interceptor.NameMatchTransactionAttributeSource] - Adding transactional method [*] with attribute [PROPAGATION_REQUIRED,ISOLATION_DEFAULT]
2020-11-04 22:19:11,705 DEBUG [org.springframework.beans.factory.support.DefaultListableBeanFactory] - Creating shared instance of singleton bean 'deptServiceImpl'
2020-11-04 22:19:11,706 DEBUG [org.springframework.beans.factory.support.DefaultListableBeanFactory] - Creating shared instance of singleton bean 'IDeptDao'
2020-11-04 22:19:11,725 DEBUG [org.springframework.beans.factory.support.DefaultListableBeanFactory] - Creating shared instance of singleton bean 'moduleServiceImpl'
2020-11-04 22:19:11,726 DEBUG [org.springframework.beans.factory.support.DefaultListableBeanFactory] - Creating shared instance of singleton bean 'IModuleDao'
2020-11-04 22:19:11,743 DEBUG [org.springframework.beans.factory.support.DefaultListableBeanFactory] - Creating shared instance of singleton bean 'roleServiceImpl'
2020-11-04 22:19:11,744 DEBUG [org.springframework.beans.factory.support.DefaultListableBeanFactory] - Creating shared instance of singleton bean 'IRoleDao'
2020-11-04 22:19:11,757 DEBUG [org.springframework.beans.factory.support.DefaultListableBeanFactory] - Creating shared instance of singleton bean 'IUserServiceImpl'
2020-11-04 22:19:11,758 DEBUG [org.springframework.beans.factory.support.DefaultListableBeanFactory] - Creating shared instance of singleton bean 'IUserDao'
2020-11-04 22:19:11,796 DEBUG [org.springframework.jndi.JndiTemplate] - Looking up JNDI object with name [java:comp/env/spring.liveBeansView.mbeanDomain]
2020-11-04 22:19:11,796 DEBUG [org.springframework.jndi.JndiLocatorDelegate] - Converted JNDI name [java:comp/env/spring.liveBeansView.mbeanDomain] not found - trying original name [spring.liveBeansView.mbeanDomain]. javax.naming.NameNotFoundException: Name [spring.liveBeansView.mbeanDomain] is not bound in this Context. Unable to find [spring.liveBeansView.mbeanDomain].
2020-11-04 22:19:11,796 DEBUG [org.springframework.jndi.JndiTemplate] - Looking up JNDI object with name [spring.liveBeansView.mbeanDomain]
2020-11-04 22:19:11,796 DEBUG [org.springframework.jndi.JndiPropertySource] - JNDI lookup for name [spring.liveBeansView.mbeanDomain] threw NamingException with message: Name [spring.liveBeansView.mbeanDomain] is not bound in this Context. Unable to find [spring.liveBeansView.mbeanDomain].. Returning null.
2020-11-04 22:19:11,800 INFO [org.springframework.web.context.ContextLoader] - Root WebApplicationContext initialized in 1540 ms
2020-11-04 22:19:11,815 DEBUG [org.springframework.web.filter.CharacterEncodingFilter] - Filter 'characterEncodingFilter' configured for use
2020-11-04 22:19:11,839 INFO [org.springframework.web.servlet.DispatcherServlet] - Initializing Servlet 'dispatcherServlet'
2020-11-04 22:19:11,839 DEBUG [org.springframework.jndi.JndiTemplate] - Looking up JNDI object with name [java:comp/env/spring.profiles.active]
2020-11-04 22:19:11,840 DEBUG [org.springframework.jndi.JndiLocatorDelegate] - Converted JNDI name [java:comp/env/spring.profiles.active] not found - trying original name [spring.profiles.active]. javax.naming.NameNotFoundException: Name [spring.profiles.active] is not bound in this Context. Unable to find [spring.profiles.active].
2020-11-04 22:19:11,840 DEBUG [org.springframework.jndi.JndiTemplate] - Looking up JNDI object with name [spring.profiles.active]
2020-11-04 22:19:11,840 DEBUG [org.springframework.jndi.JndiPropertySource] - JNDI lookup for name [spring.profiles.active] threw NamingException with message: Name [spring.profiles.active] is not bound in this Context. Unable to find [spring.profiles.active].. Returning null.
2020-11-04 22:19:11,841 DEBUG [org.springframework.jndi.JndiTemplate] - Looking up JNDI object with name [java:comp/env/spring.profiles.default]
2020-11-04 22:19:11,841 DEBUG [org.springframework.jndi.JndiLocatorDelegate] - Converted JNDI name [java:comp/env/spring.profiles.default] not found - trying original name [spring.profiles.default]. javax.naming.NameNotFoundException: Name [spring.profiles.default] is not bound in this Context. Unable to find [spring.profiles.default].
2020-11-04 22:19:11,841 DEBUG [org.springframework.jndi.JndiTemplate] - Looking up JNDI object with name [spring.profiles.default]
2020-11-04 22:19:11,841 DEBUG [org.springframework.jndi.JndiPropertySource] - JNDI lookup for name [spring.profiles.default] threw NamingException with message: Name [spring.profiles.default] is not bound in this Context. Unable to find [spring.profiles.default].. Returning null.
2020-11-04 22:19:11,843 DEBUG [org.springframework.web.context.support.XmlWebApplicationContext] - Refreshing WebApplicationContext for namespace 'dispatcherServlet-servlet'
2020-11-04 22:19:11,878 DEBUG [org.springframework.context.annotation.ClassPathBeanDefinitionScanner] - Identified candidate component class: file [D:\LittlePrograme\Export_Parent\Export_Web_Manager\target\Export_Web_Manager-1.0\WEB-INF\classes\cn\htl\web\controller\TestZtreeDataController.class]
2020-11-04 22:19:11,881 DEBUG [org.springframework.context.annotation.ClassPathBeanDefinitionScanner] - Identified candidate component class: file [D:\LittlePrograme\Export_Parent\Export_Web_Manager\target\Export_Web_Manager-1.0\WEB-INF\classes\cn\htl\web\controller\company\CompanyController.class]
2020-11-04 22:19:11,882 DEBUG [org.springframework.context.annotation.ClassPathBeanDefinitionScanner] - Identified candidate component class: file [D:\LittlePrograme\Export_Parent\Export_Web_Manager\target\Export_Web_Manager-1.0\WEB-INF\classes\cn\htl\web\controller\home\HomeController.class]
2020-11-04 22:19:11,882 DEBUG [org.springframework.context.annotation.ClassPathBeanDefinitionScanner] - Identified candidate component class: file [D:\LittlePrograme\Export_Parent\Export_Web_Manager\target\Export_Web_Manager-1.0\WEB-INF\classes\cn\htl\web\controller\system\dept\DeptController.class]
2020-11-04 22:19:11,883 DEBUG [org.springframework.context.annotation.ClassPathBeanDefinitionScanner] - Identified candidate component class: file [D:\LittlePrograme\Export_Parent\Export_Web_Manager\target\Export_Web_Manager-1.0\WEB-INF\classes\cn\htl\web\controller\system\module\ModuleController.class]
2020-11-04 22:19:11,884 DEBUG [org.springframework.context.annotation.ClassPathBeanDefinitionScanner] - Identified candidate component class: file [D:\LittlePrograme\Export_Parent\Export_Web_Manager\target\Export_Web_Manager-1.0\WEB-INF\classes\cn\htl\web\controller\system\role\RoleController.class]
2020-11-04 22:19:11,885 DEBUG [org.springframework.context.annotation.ClassPathBeanDefinitionScanner] - Identified candidate component class: file [D:\LittlePrograme\Export_Parent\Export_Web_Manager\target\Export_Web_Manager-1.0\WEB-INF\classes\cn\htl\web\controller\system\user\UserController.class]
2020-11-04 22:19:11,943 DEBUG [org.springframework.beans.factory.xml.XmlBeanDefinitionReader] - Loaded 29 bean definitions from class path resource [spring/springmvc.xml]
2020-11-04 22:19:11,958 DEBUG [org.springframework.beans.factory.support.DefaultListableBeanFactory] - Creating shared instance of singleton bean 'org.springframework.context.annotation.internalConfigurationAnnotationProcessor'
2020-11-04 22:19:12,001 DEBUG [org.springframework.beans.factory.support.DefaultListableBeanFactory] - Creating shared instance of singleton bean 'org.springframework.context.event.internalEventListenerProcessor'
2020-11-04 22:19:12,001 DEBUG [org.springframework.beans.factory.support.DefaultListableBeanFactory] - Creating shared instance of singleton bean 'org.springframework.context.event.internalEventListenerFactory'
2020-11-04 22:19:12,002 DEBUG [org.springframework.beans.factory.support.DefaultListableBeanFactory] - Creating shared instance of singleton bean 'org.springframework.context.annotation.internalAutowiredAnnotationProcessor'
2020-11-04 22:19:12,004 DEBUG [org.springframework.beans.factory.support.DefaultListableBeanFactory] - Creating shared instance of singleton bean 'org.springframework.context.annotation.internalCommonAnnotationProcessor'
2020-11-04 22:19:12,005 DEBUG [org.springframework.ui.context.support.UiApplicationContextUtils] - Unable to locate ThemeSource with name 'themeSource': using default [org.springframework.ui.context.support.DelegatingThemeSource@38b1204]
2020-11-04 22:19:12,005 DEBUG [org.springframework.beans.factory.support.DefaultListableBeanFactory] - Creating shared instance of singleton bean 'testZtreeDataController'
2020-11-04 22:19:12,010 DEBUG [org.springframework.beans.factory.support.DefaultListableBeanFactory] - Creating shared instance of singleton bean 'companyController'
2020-11-04 22:19:12,012 DEBUG [org.springframework.beans.factory.support.DefaultListableBeanFactory] - Creating shared instance of singleton bean 'homeController'
2020-11-04 22:19:12,013 DEBUG [org.springframework.beans.factory.support.DefaultListableBeanFactory] - Creating shared instance of singleton bean 'deptController'
2020-11-04 22:19:12,015 DEBUG [org.springframework.beans.factory.support.DefaultListableBeanFactory] - Creating shared instance of singleton bean 'moduleController'
2020-11-04 22:19:12,017 DEBUG [org.springframework.beans.factory.support.DefaultListableBeanFactory] - Creating shared instance of singleton bean 'roleController'
2020-11-04 22:19:12,018 DEBUG [org.springframework.beans.factory.support.DefaultListableBeanFactory] - Creating shared instance of singleton bean 'userController'
2020-11-04 22:19:12,021 DEBUG [org.springframework.beans.factory.support.DefaultListableBeanFactory] - Creating shared instance of singleton bean 'org.springframework.web.servlet.view.InternalResourceViewResolver#0'
2020-11-04 22:19:12,041 DEBUG [org.springframework.beans.factory.support.DefaultListableBeanFactory] - Creating shared instance of singleton bean 'mvcContentNegotiationManager'
2020-11-04 22:19:12,054 DEBUG [org.springframework.beans.factory.support.DefaultListableBeanFactory] - Creating shared instance of singleton bean 'org.springframework.web.servlet.mvc.method.annotation.RequestMappingHandlerMapping'
2020-11-04 22:19:12,080 DEBUG [org.springframework.beans.factory.support.DefaultListableBeanFactory] - Creating shared instance of singleton bean 'mvcCorsConfigurations'
2020-11-04 22:19:12,082 DEBUG [org.springframework.beans.factory.support.DefaultListableBeanFactory] - Creating shared instance of singleton bean 'org.springframework.web.servlet.handler.MappedInterceptor#0'
2020-11-04 22:19:12,083 DEBUG [org.springframework.beans.factory.support.DefaultListableBeanFactory] - Creating shared instance of singleton bean 'conversionServiceFactory'
2020-11-04 22:19:12,084 DEBUG [org.springframework.beans.factory.support.DefaultListableBeanFactory] - Creating shared instance of singleton bean 'stringToDateConverter'
2020-11-04 22:19:12,176 DEBUG [org.springframework.web.servlet.mvc.method.annotation.RequestMappingHandlerMapping] - 41 mappings in 'org.springframework.web.servlet.mvc.method.annotation.RequestMappingHandlerMapping'
2020-11-04 22:19:12,176 DEBUG [org.springframework.beans.factory.support.DefaultListableBeanFactory] - Creating shared instance of singleton bean 'org.springframework.web.servlet.mvc.method.annotation.RequestMappingHandlerAdapter'
2020-11-04 22:19:12,458 DEBUG [org.springframework.web.servlet.mvc.method.annotation.RequestMappingHandlerAdapter] - ControllerAdvice beans: 0 @ModelAttribute, 0 @InitBinder, 1 RequestBodyAdvice, 1 ResponseBodyAdvice
2020-11-04 22:19:12,508 DEBUG [org.springframework.beans.factory.support.DefaultListableBeanFactory] - Creating shared instance of singleton bean 'mvcUriComponentsContributor'
2020-11-04 22:19:12,525 DEBUG [org.springframework.web.servlet.mvc.method.annotation.RequestMappingHandlerAdapter] - ControllerAdvice beans: 0 @ModelAttribute, 0 @InitBinder, 1 RequestBodyAdvice, 1 ResponseBodyAdvice
2020-11-04 22:19:12,530 DEBUG [org.springframework.beans.factory.support.DefaultListableBeanFactory] - Creating shared instance of singleton bean 'org.springframework.web.servlet.mvc.method.annotation.ExceptionHandlerExceptionResolver#0'
2020-11-04 22:19:12,554 DEBUG [org.springframework.web.servlet.mvc.method.annotation.ExceptionHandlerExceptionResolver] - ControllerAdvice beans: 0 @ExceptionHandler, 1 ResponseBodyAdvice
2020-11-04 22:19:12,554 DEBUG [org.springframework.beans.factory.support.DefaultListableBeanFactory] - Creating shared instance of singleton bean 'org.springframework.web.servlet.mvc.annotation.ResponseStatusExceptionResolver#0'
2020-11-04 22:19:12,558 DEBUG [org.springframework.beans.factory.support.DefaultListableBeanFactory] - Creating shared instance of singleton bean 'org.springframework.web.servlet.mvc.support.DefaultHandlerExceptionResolver#0'
2020-11-04 22:19:12,560 DEBUG [org.springframework.beans.factory.support.DefaultListableBeanFactory] - Creating shared instance of singleton bean 'org.springframework.web.servlet.handler.BeanNameUrlHandlerMapping'
2020-11-04 22:19:12,569 DEBUG [org.springframework.beans.factory.support.DefaultListableBeanFactory] - Creating shared instance of singleton bean 'org.springframework.web.servlet.mvc.HttpRequestHandlerAdapter'
2020-11-04 22:19:12,569 DEBUG [org.springframework.beans.factory.support.DefaultListableBeanFactory] - Creating shared instance of singleton bean 'org.springframework.web.servlet.mvc.SimpleControllerHandlerAdapter'
2020-11-04 22:19:12,569 DEBUG [org.springframework.beans.factory.support.DefaultListableBeanFactory] - Creating shared instance of singleton bean 'myExceptionResolver'
2020-11-04 22:19:12,581 DEBUG [org.springframework.jndi.JndiTemplate] - Looking up JNDI object with name [java:comp/env/spring.liveBeansView.mbeanDomain]
2020-11-04 22:19:12,581 DEBUG [org.springframework.jndi.JndiLocatorDelegate] - Converted JNDI name [java:comp/env/spring.liveBeansView.mbeanDomain] not found - trying original name [spring.liveBeansView.mbeanDomain]. javax.naming.NameNotFoundException: Name [spring.liveBeansView.mbeanDomain] is not bound in this Context. Unable to find [spring.liveBeansView.mbeanDomain].
2020-11-04 22:19:12,581 DEBUG [org.springframework.jndi.JndiTemplate] - Looking up JNDI object with name [spring.liveBeansView.mbeanDomain]
2020-11-04 22:19:12,581 DEBUG [org.springframework.jndi.JndiPropertySource] - JNDI lookup for name [spring.liveBeansView.mbeanDomain] threw NamingException with message: Name [spring.liveBeansView.mbeanDomain] is not bound in this Context. Unable to find [spring.liveBeansView.mbeanDomain].. Returning null.
2020-11-04 22:19:12,581 DEBUG [org.springframework.web.servlet.DispatcherServlet] - enableLoggingRequestDetails='false': request parameters and headers will be masked to prevent unsafe logging of potentially sensitive data
2020-11-04 22:19:12,582 INFO [org.springframework.web.servlet.DispatcherServlet] - Completed initialization in 743 ms
2020-11-04 22:19:27,632 DEBUG [org.springframework.web.servlet.DispatcherServlet] - GET "/Export-Parent/home/toMain.do", parameters={}
2020-11-04 22:19:27,639 DEBUG [org.springframework.web.servlet.mvc.method.annotation.RequestMappingHandlerMapping] - Mapped to cn.htl.web.controller.home.HomeController#toMain()
2020-11-04 22:19:27,660 DEBUG [org.springframework.web.servlet.view.JstlView] - View name 'home/main', model {}
2020-11-04 22:19:27,663 DEBUG [org.springframework.web.servlet.view.JstlView] - Forwarding to [/WEB-INF/pages/home/main.jsp]
2020-11-04 22:19:28,101 DEBUG [org.springframework.web.servlet.DispatcherServlet] - Completed 200 OK
2020-11-04 22:20:52,179 DEBUG [org.springframework.web.servlet.DispatcherServlet] - GET "/Export-Parent/home/toHome.do", parameters={}
2020-11-04 22:20:52,179 DEBUG [org.springframework.web.servlet.mvc.method.annotation.RequestMappingHandlerMapping] - Mapped to cn.htl.web.controller.home.HomeController#toHome()
2020-11-04 22:20:52,181 DEBUG [org.springframework.web.servlet.view.JstlView] - View name 'home/home', model {}
2020-11-04 22:20:52,182 DEBUG [org.springframework.web.servlet.view.JstlView] - Forwarding to [/WEB-INF/pages/home/home.jsp]
2020-11-04 22:20:52,284 DEBUG [org.springframework.web.servlet.DispatcherServlet] - Completed 200 OK
2020-11-04 22:21:14,412 DEBUG [org.springframework.web.context.support.XmlWebApplicationContext] - Closing WebApplicationContext for namespace 'dispatcherServlet-servlet', started on Wed Nov 04 22:19:11 CST 2020, parent: Root WebApplicationContext
2020-11-04 22:21:14,416 DEBUG [org.springframework.web.context.support.XmlWebApplicationContext] - Closing Root WebApplicationContext, started on Wed Nov 04 22:19:10 CST 2020
2020-11-04 22:21:16,417 INFO [org.springframework.web.context.ContextLoader] - Root WebApplicationContext: initialization started
2020-11-04 22:21:16,485 DEBUG [org.springframework.web.context.support.XmlWebApplicationContext] - Refreshing Root WebApplicationContext
2020-11-04 22:21:16,599 DEBUG [org.springframework.beans.factory.xml.XmlBeanDefinitionReader] - Loaded 4 bean definitions from URL [jar:file:/D:/LittlePrograme/Export_Parent/Export_Web_Manager/target/Export_Web_Manager-1.0/WEB-INF/lib/Export_Dao-1.0.jar!/spring/applicationContext-dao.xml]
2020-11-04 22:21:16,707 DEBUG [org.springframework.context.annotation.ClassPathBeanDefinitionScanner] - Identified candidate component class: URL [jar:file:/D:/LittlePrograme/Export_Parent/Export_Web_Manager/target/Export_Web_Manager-1.0/WEB-INF/lib/Export_System_Service-1.0.jar!/cn/htl/service/company/impl/CompanyServiceImpl.class]
2020-11-04 22:21:16,708 DEBUG [org.springframework.context.annotation.ClassPathBeanDefinitionScanner] - Identified candidate component class: URL [jar:file:/D:/LittlePrograme/Export_Parent/Export_Web_Manager/target/Export_Web_Manager-1.0/WEB-INF/lib/Export_System_Service-1.0.jar!/cn/htl/service/system/dept/impl/DeptServiceImpl.class]
2020-11-04 22:21:16,708 DEBUG [org.springframework.context.annotation.ClassPathBeanDefinitionScanner] - Identified candidate component class: URL [jar:file:/D:/LittlePrograme/Export_Parent/Export_Web_Manager/target/Export_Web_Manager-1.0/WEB-INF/lib/Export_System_Service-1.0.jar!/cn/htl/service/system/module/impl/ModuleServiceImpl.class]
2020-11-04 22:21:16,709 DEBUG [org.springframework.context.annotation.ClassPathBeanDefinitionScanner] - Identified candidate component class: URL [jar:file:/D:/LittlePrograme/Export_Parent/Export_Web_Manager/target/Export_Web_Manager-1.0/WEB-INF/lib/Export_System_Service-1.0.jar!/cn/htl/service/system/role/impl/RoleServiceImpl.class]
2020-11-04 22:21:16,711 DEBUG [org.springframework.context.annotation.ClassPathBeanDefinitionScanner] - Identified candidate component class: URL [jar:file:/D:/LittlePrograme/Export_Parent/Export_Web_Manager/target/Export_Web_Manager-1.0/WEB-INF/lib/Export_System_Service-1.0.jar!/cn/htl/service/system/user/impl/IUserServiceImpl.class]
2020-11-04 22:21:16,785 DEBUG [org.springframework.beans.factory.xml.XmlBeanDefinitionReader] - Loaded 15 bean definitions from URL [jar:file:/D:/LittlePrograme/Export_Parent/Export_Web_Manager/target/Export_Web_Manager-1.0/WEB-INF/lib/Export_System_Service-1.0.jar!/spring/applicationContext-tx.xml]
2020-11-04 22:21:16,854 DEBUG [org.springframework.beans.factory.support.DefaultListableBeanFactory] - Creating shared instance of singleton bean 'org.springframework.context.annotation.internalConfigurationAnnotationProcessor'
2020-11-04 22:21:16,936 DEBUG [org.springframework.beans.factory.support.DefaultListableBeanFactory] - Creating shared instance of singleton bean 'org.mybatis.spring.mapper.MapperScannerConfigurer#0'
2020-11-04 22:21:16,985 DEBUG [org.mybatis.spring.mapper.ClassPathMapperScanner] - Identified candidate component class: URL [jar:file:/D:/LittlePrograme/Export_Parent/Export_Web_Manager/target/Export_Web_Manager-1.0/WEB-INF/lib/Export_Dao-1.0.jar!/cn/htl/dao/company/ICompanyDao.class]
2020-11-04 22:21:16,985 DEBUG [org.mybatis.spring.mapper.ClassPathMapperScanner] - Identified candidate component class: URL [jar:file:/D:/LittlePrograme/Export_Parent/Export_Web_Manager/target/Export_Web_Manager-1.0/WEB-INF/lib/Export_Dao-1.0.jar!/cn/htl/dao/system/dept/IDeptDao.class]
2020-11-04 22:21:16,985 DEBUG [org.mybatis.spring.mapper.ClassPathMapperScanner] - Identified candidate component class: URL [jar:file:/D:/LittlePrograme/Export_Parent/Export_Web_Manager/target/Export_Web_Manager-1.0/WEB-INF/lib/Export_Dao-1.0.jar!/cn/htl/dao/system/module/IModuleDao.class]
2020-11-04 22:21:16,986 DEBUG [org.mybatis.spring.mapper.ClassPathMapperScanner] - Identified candidate component class: URL [jar:file:/D:/LittlePrograme/Export_Parent/Export_Web_Manager/target/Export_Web_Manager-1.0/WEB-INF/lib/Export_Dao-1.0.jar!/cn/htl/dao/system/role/IRoleDao.class]
2020-11-04 22:21:16,986 DEBUG [org.mybatis.spring.mapper.ClassPathMapperScanner] - Identified candidate component class: URL [jar:file:/D:/LittlePrograme/Export_Parent/Export_Web_Manager/target/Export_Web_Manager-1.0/WEB-INF/lib/Export_Dao-1.0.jar!/cn/htl/dao/system/user/IUserDao.class]
2020-11-04 22:21:16,986 DEBUG [org.mybatis.spring.mapper.ClassPathMapperScanner] - Creating MapperFactoryBean with name 'ICompanyDao' and 'cn.htl.dao.company.ICompanyDao' mapperInterface
2020-11-04 22:21:16,988 DEBUG [org.mybatis.spring.mapper.ClassPathMapperScanner] - Enabling autowire by type for MapperFactoryBean with name 'ICompanyDao'.
2020-11-04 22:21:16,988 DEBUG [org.mybatis.spring.mapper.ClassPathMapperScanner] - Creating MapperFactoryBean with name 'IDeptDao' and 'cn.htl.dao.system.dept.IDeptDao' mapperInterface
2020-11-04 22:21:16,988 DEBUG [org.mybatis.spring.mapper.ClassPathMapperScanner] - Enabling autowire by type for MapperFactoryBean with name 'IDeptDao'.
2020-11-04 22:21:16,988 DEBUG [org.mybatis.spring.mapper.ClassPathMapperScanner] - Creating MapperFactoryBean with name 'IModuleDao' and 'cn.htl.dao.system.module.IModuleDao' mapperInterface
2020-11-04 22:21:16,988 DEBUG [org.mybatis.spring.mapper.ClassPathMapperScanner] - Enabling autowire by type for MapperFactoryBean with name 'IModuleDao'.
2020-11-04 22:21:16,988 DEBUG [org.mybatis.spring.mapper.ClassPathMapperScanner] - Creating MapperFactoryBean with name 'IRoleDao' and 'cn.htl.dao.system.role.IRoleDao' mapperInterface
2020-11-04 22:21:16,988 DEBUG [org.mybatis.spring.mapper.ClassPathMapperScanner] - Enabling autowire by type for MapperFactoryBean with name 'IRoleDao'.
2020-11-04 22:21:16,988 DEBUG [org.mybatis.spring.mapper.ClassPathMapperScanner] - Creating MapperFactoryBean with name 'IUserDao' and 'cn.htl.dao.system.user.IUserDao' mapperInterface
2020-11-04 22:21:16,989 DEBUG [org.mybatis.spring.mapper.ClassPathMapperScanner] - Enabling autowire by type for MapperFactoryBean with name 'IUserDao'.
2020-11-04 22:21:16,992 DEBUG [org.springframework.beans.factory.support.DefaultListableBeanFactory] - Creating shared instance of singleton bean 'org.springframework.context.support.PropertySourcesPlaceholderConfigurer#0'
2020-11-04 22:21:17,019 DEBUG [org.springframework.jndi.JndiTemplate] - Looking up JNDI object with name [java:comp/env/jdbc.url]
2020-11-04 22:21:17,021 DEBUG [org.springframework.jndi.JndiLocatorDelegate] - Converted JNDI name [java:comp/env/jdbc.url] not found - trying original name [jdbc.url]. javax.naming.NameNotFoundException: Name [jdbc.url] is not bound in this Context. Unable to find [jdbc.url].
2020-11-04 22:21:17,021 DEBUG [org.springframework.jndi.JndiTemplate] - Looking up JNDI object with name [jdbc.url]
2020-11-04 22:21:17,021 DEBUG [org.springframework.jndi.JndiPropertySource] - JNDI lookup for name [jdbc.url] threw NamingException with message: Name [jdbc.url] is not bound in this Context. Unable to find [jdbc.url].. Returning null.
2020-11-04 22:21:17,025 DEBUG [org.springframework.core.env.PropertySourcesPropertyResolver] - Found key 'jdbc.url' in PropertySource 'localProperties' with value of type String
2020-11-04 22:21:17,025 DEBUG [org.springframework.jndi.JndiTemplate] - Looking up JNDI object with name [java:comp/env/jdbc.driver]
2020-11-04 22:21:17,026 DEBUG [org.springframework.jndi.JndiLocatorDelegate] - Converted JNDI name [java:comp/env/jdbc.driver] not found - trying original name [jdbc.driver]. javax.naming.NameNotFoundException: Name [jdbc.driver] is not bound in this Context. Unable to find [jdbc.driver].
2020-11-04 22:21:17,026 DEBUG [org.springframework.jndi.JndiTemplate] - Looking up JNDI object with name [jdbc.driver]
2020-11-04 22:21:17,026 DEBUG [org.springframework.jndi.JndiPropertySource] - JNDI lookup for name [jdbc.driver] threw NamingException with message: Name [jdbc.driver] is not bound in this Context. Unable to find [jdbc.driver].. Returning null.
2020-11-04 22:21:17,026 DEBUG [org.springframework.core.env.PropertySourcesPropertyResolver] - Found key 'jdbc.driver' in PropertySource 'localProperties' with value of type String
2020-11-04 22:21:17,027 DEBUG [org.springframework.jndi.JndiTemplate] - Looking up JNDI object with name [java:comp/env/jdbc.username]
2020-11-04 22:21:17,027 DEBUG [org.springframework.jndi.JndiLocatorDelegate] - Converted JNDI name [java:comp/env/jdbc.username] not found - trying original name [jdbc.username]. javax.naming.NameNotFoundException: Name [jdbc.username] is not bound in this Context. Unable to find [jdbc.username].
2020-11-04 22:21:17,027 DEBUG [org.springframework.jndi.JndiTemplate] - Looking up JNDI object with name [jdbc.username]
2020-11-04 22:21:17,028 DEBUG [org.springframework.jndi.JndiPropertySource] - JNDI lookup for name [jdbc.username] threw NamingException with message: Name [jdbc.username] is not bound in this Context. Unable to find [jdbc.username].. Returning null.
2020-11-04 22:21:17,028 DEBUG [org.springframework.core.env.PropertySourcesPropertyResolver] - Found key 'jdbc.username' in PropertySource 'localProperties' with value of type String
2020-11-04 22:21:17,028 DEBUG [org.springframework.jndi.JndiTemplate] - Looking up JNDI object with name [java:comp/env/jdbc.password]
2020-11-04 22:21:17,028 DEBUG [org.springframework.jndi.JndiLocatorDelegate] - Converted JNDI name [java:comp/env/jdbc.password] not found - trying original name [jdbc.password]. javax.naming.NameNotFoundException: Name [jdbc.password] is not bound in this Context. Unable to find [jdbc.password].
2020-11-04 22:21:17,028 DEBUG [org.springframework.jndi.JndiTemplate] - Looking up JNDI object with name [jdbc.password]
2020-11-04 22:21:17,029 DEBUG [org.springframework.jndi.JndiPropertySource] - JNDI lookup for name [jdbc.password] threw NamingException with message: Name [jdbc.password] is not bound in this Context. Unable to find [jdbc.password].. Returning null.
2020-11-04 22:21:17,029 DEBUG [org.springframework.core.env.PropertySourcesPropertyResolver] - Found key 'jdbc.password' in PropertySource 'localProperties' with value of type String
2020-11-04 22:21:17,030 DEBUG [org.springframework.beans.factory.support.DefaultListableBeanFactory] - Creating shared instance of singleton bean 'org.springframework.context.event.internalEventListenerProcessor'
2020-11-04 22:21:17,033 DEBUG [org.springframework.beans.factory.support.DefaultListableBeanFactory] - Creating shared instance of singleton bean 'org.springframework.context.event.internalEventListenerFactory'
2020-11-04 22:21:17,036 DEBUG [org.springframework.beans.factory.support.DefaultListableBeanFactory] - Creating shared instance of singleton bean 'org.springframework.context.annotation.internalAutowiredAnnotationProcessor'
2020-11-04 22:21:17,039 DEBUG [org.springframework.beans.factory.support.DefaultListableBeanFactory] - Creating shared instance of singleton bean 'org.springframework.context.annotation.internalCommonAnnotationProcessor'
2020-11-04 22:21:17,045 DEBUG [org.springframework.beans.factory.support.DefaultListableBeanFactory] - Creating shared instance of singleton bean 'org.springframework.aop.config.internalAutoProxyCreator'
2020-11-04 22:21:17,103 DEBUG [org.springframework.ui.context.support.UiApplicationContextUtils] - Unable to locate ThemeSource with name 'themeSource': using default [org.springframework.ui.context.support.ResourceBundleThemeSource@671b235c]
2020-11-04 22:21:17,106 DEBUG [org.springframework.beans.factory.support.DefaultListableBeanFactory] - Creating shared instance of singleton bean 'dataSource'
2020-11-04 22:21:17,107 DEBUG [org.springframework.beans.factory.support.DefaultListableBeanFactory] - Creating shared instance of singleton bean 'org.springframework.aop.support.DefaultBeanFactoryPointcutAdvisor#0'
2020-11-04 22:21:17,555 DEBUG [org.springframework.beans.factory.support.DefaultListableBeanFactory] - Creating shared instance of singleton bean 'sqlSessionFactory'
2020-11-04 22:21:17,638 DEBUG [org.mybatis.spring.SqlSessionFactoryBean] - Property 'configuration' or 'configLocation' not specified, using default MyBatis Configuration
2020-11-04 22:21:17,695 DEBUG [org.mybatis.spring.SqlSessionFactoryBean] - Scanned package: 'cn.htl.domain' for aliases
2020-11-04 22:21:17,695 DEBUG [org.mybatis.spring.SqlSessionFactoryBean] - Registered plugin: 'com.github.pagehelper.PageInterceptor@4fdead5f'
2020-11-04 22:21:17,696 DEBUG [org.mybatis.spring.SqlSessionFactoryBean] - Property 'mapperLocations' was not specified or no matching resources found
2020-11-04 22:21:17,702 DEBUG [org.springframework.beans.factory.support.DefaultListableBeanFactory] - Creating shared instance of singleton bean 'companyServiceImpl'
2020-11-04 22:21:17,725 DEBUG [org.springframework.beans.factory.support.DefaultListableBeanFactory] - Creating shared instance of singleton bean 'ICompanyDao'
2020-11-04 22:21:17,834 DEBUG [org.springframework.beans.factory.support.DefaultListableBeanFactory] - Creating shared instance of singleton bean 'txAdvice'
2020-11-04 22:21:17,840 DEBUG [org.springframework.beans.factory.support.DefaultListableBeanFactory] - Creating shared instance of singleton bean 'transactionManager'
2020-11-04 22:21:17,871 DEBUG [org.springframework.transaction.interceptor.NameMatchTransactionAttributeSource] - Adding transactional method [find*] with attribute [PROPAGATION_SUPPORTS,ISOLATION_DEFAULT]
2020-11-04 22:21:17,871 DEBUG [org.springframework.transaction.interceptor.NameMatchTransactionAttributeSource] - Adding transactional method [query*] with attribute [PROPAGATION_SUPPORTS,ISOLATION_DEFAULT]
2020-11-04 22:21:17,871 DEBUG [org.springframework.transaction.interceptor.NameMatchTransactionAttributeSource] - Adding transactional method [select*] with attribute [PROPAGATION_SUPPORTS,ISOLATION_DEFAULT]
2020-11-04 22:21:17,872 DEBUG [org.springframework.transaction.interceptor.NameMatchTransactionAttributeSource] - Adding transactional method [get*] with attribute [PROPAGATION_SUPPORTS,ISOLATION_DEFAULT]
2020-11-04 22:21:17,872 DEBUG [org.springframework.transaction.interceptor.NameMatchTransactionAttributeSource] - Adding transactional method [*] with attribute [PROPAGATION_REQUIRED,ISOLATION_DEFAULT]
2020-11-04 22:21:17,886 DEBUG [org.springframework.beans.factory.support.DefaultListableBeanFactory] - Creating shared instance of singleton bean 'deptServiceImpl'
2020-11-04 22:21:17,887 DEBUG [org.springframework.beans.factory.support.DefaultListableBeanFactory] - Creating shared instance of singleton bean 'IDeptDao'
2020-11-04 22:21:17,903 DEBUG [org.springframework.beans.factory.support.DefaultListableBeanFactory] - Creating shared instance of singleton bean 'moduleServiceImpl'
2020-11-04 22:21:17,904 DEBUG [org.springframework.beans.factory.support.DefaultListableBeanFactory] - Creating shared instance of singleton bean 'IModuleDao'
2020-11-04 22:21:17,918 DEBUG [org.springframework.beans.factory.support.DefaultListableBeanFactory] - Creating shared instance of singleton bean 'roleServiceImpl'
2020-11-04 22:21:17,919 DEBUG [org.springframework.beans.factory.support.DefaultListableBeanFactory] - Creating shared instance of singleton bean 'IRoleDao'
2020-11-04 22:21:17,933 DEBUG [org.springframework.beans.factory.support.DefaultListableBeanFactory] - Creating shared instance of singleton bean 'IUserServiceImpl'
2020-11-04 22:21:17,934 DEBUG [org.springframework.beans.factory.support.DefaultListableBeanFactory] - Creating shared instance of singleton bean 'IUserDao'
2020-11-04 22:21:17,980 DEBUG [org.springframework.jndi.JndiTemplate] - Looking up JNDI object with name [java:comp/env/spring.liveBeansView.mbeanDomain]
2020-11-04 22:21:17,980 DEBUG [org.springframework.jndi.JndiLocatorDelegate] - Converted JNDI name [java:comp/env/spring.liveBeansView.mbeanDomain] not found - trying original name [spring.liveBeansView.mbeanDomain]. javax.naming.NameNotFoundException: Name [spring.liveBeansView.mbeanDomain] is not bound in this Context. Unable to find [spring.liveBeansView.mbeanDomain].
2020-11-04 22:21:17,980 DEBUG [org.springframework.jndi.JndiTemplate] - Looking up JNDI object with name [spring.liveBeansView.mbeanDomain]
2020-11-04 22:21:17,980 DEBUG [org.springframework.jndi.JndiPropertySource] - JNDI lookup for name [spring.liveBeansView.mbeanDomain] threw NamingException with message: Name [spring.liveBeansView.mbeanDomain] is not bound in this Context. Unable to find [spring.liveBeansView.mbeanDomain].. Returning null.
2020-11-04 22:21:17,983 INFO [org.springframework.web.context.ContextLoader] - Root WebApplicationContext initialized in 1565 ms
2020-11-04 22:21:17,998 DEBUG [org.springframework.web.filter.CharacterEncodingFilter] - Filter 'characterEncodingFilter' configured for use
2020-11-04 22:21:18,017 INFO [org.springframework.web.servlet.DispatcherServlet] - Initializing Servlet 'dispatcherServlet'
2020-11-04 22:21:18,017 DEBUG [org.springframework.jndi.JndiTemplate] - Looking up JNDI object with name [java:comp/env/spring.profiles.active]
2020-11-04 22:21:18,017 DEBUG [org.springframework.jndi.JndiLocatorDelegate] - Converted JNDI name [java:comp/env/spring.profiles.active] not found - trying original name [spring.profiles.active]. javax.naming.NameNotFoundException: Name [spring.profiles.active] is not bound in this Context. Unable to find [spring.profiles.active].
2020-11-04 22:21:18,017 DEBUG [org.springframework.jndi.JndiTemplate] - Looking up JNDI object with name [spring.profiles.active]
2020-11-04 22:21:18,018 DEBUG [org.springframework.jndi.JndiPropertySource] - JNDI lookup for name [spring.profiles.active] threw NamingException with message: Name [spring.profiles.active] is not bound in this Context. Unable to find [spring.profiles.active].. Returning null.
2020-11-04 22:21:18,018 DEBUG [org.springframework.jndi.JndiTemplate] - Looking up JNDI object with name [java:comp/env/spring.profiles.default]
2020-11-04 22:21:18,018 DEBUG [org.springframework.jndi.JndiLocatorDelegate] - Converted JNDI name [java:comp/env/spring.profiles.default] not found - trying original name [spring.profiles.default]. javax.naming.NameNotFoundException: Name [spring.profiles.default] is not bound in this Context. Unable to find [spring.profiles.default].
2020-11-04 22:21:18,018 DEBUG [org.springframework.jndi.JndiTemplate] - Looking up JNDI object with name [spring.profiles.default]
2020-11-04 22:21:18,018 DEBUG [org.springframework.jndi.JndiPropertySource] - JNDI lookup for name [spring.profiles.default] threw NamingException with message: Name [spring.profiles.default] is not bound in this Context. Unable to find [spring.profiles.default].. Returning null.
2020-11-04 22:21:18,020 DEBUG [org.springframework.web.context.support.XmlWebApplicationContext] - Refreshing WebApplicationContext for namespace 'dispatcherServlet-servlet'
2020-11-04 22:21:18,053 DEBUG [org.springframework.context.annotation.ClassPathBeanDefinitionScanner] - Identified candidate component class: file [D:\LittlePrograme\Export_Parent\Export_Web_Manager\target\Export_Web_Manager-1.0\WEB-INF\classes\cn\htl\web\controller\TestZtreeDataController.class]
2020-11-04 22:21:18,054 DEBUG [org.springframework.context.annotation.ClassPathBeanDefinitionScanner] - Identified candidate component class: file [D:\LittlePrograme\Export_Parent\Export_Web_Manager\target\Export_Web_Manager-1.0\WEB-INF\classes\cn\htl\web\controller\company\CompanyController.class]
2020-11-04 22:21:18,055 DEBUG [org.springframework.context.annotation.ClassPathBeanDefinitionScanner] - Identified candidate component class: file [D:\LittlePrograme\Export_Parent\Export_Web_Manager\target\Export_Web_Manager-1.0\WEB-INF\classes\cn\htl\web\controller\home\HomeController.class]
2020-11-04 22:21:18,055 DEBUG [org.springframework.context.annotation.ClassPathBeanDefinitionScanner] - Identified candidate component class: file [D:\LittlePrograme\Export_Parent\Export_Web_Manager\target\Export_Web_Manager-1.0\WEB-INF\classes\cn\htl\web\controller\system\dept\DeptController.class]
2020-11-04 22:21:18,056 DEBUG [org.springframework.context.annotation.ClassPathBeanDefinitionScanner] - Identified candidate component class: file [D:\LittlePrograme\Export_Parent\Export_Web_Manager\target\Export_Web_Manager-1.0\WEB-INF\classes\cn\htl\web\controller\system\module\ModuleController.class]
2020-11-04 22:21:18,057 DEBUG [org.springframework.context.annotation.ClassPathBeanDefinitionScanner] - Identified candidate component class: file [D:\LittlePrograme\Export_Parent\Export_Web_Manager\target\Export_Web_Manager-1.0\WEB-INF\classes\cn\htl\web\controller\system\role\RoleController.class]
2020-11-04 22:21:18,058 DEBUG [org.springframework.context.annotation.ClassPathBeanDefinitionScanner] - Identified candidate component class: file [D:\LittlePrograme\Export_Parent\Export_Web_Manager\target\Export_Web_Manager-1.0\WEB-INF\classes\cn\htl\web\controller\system\user\UserController.class]
2020-11-04 22:21:18,128 DEBUG [org.springframework.beans.factory.xml.XmlBeanDefinitionReader] - Loaded 29 bean definitions from class path resource [spring/springmvc.xml]
2020-11-04 22:21:18,144 DEBUG [org.springframework.beans.factory.support.DefaultListableBeanFactory] - Creating shared instance of singleton bean 'org.springframework.context.annotation.internalConfigurationAnnotationProcessor'
2020-11-04 22:21:18,185 DEBUG [org.springframework.beans.factory.support.DefaultListableBeanFactory] - Creating shared instance of singleton bean 'org.springframework.context.event.internalEventListenerProcessor'
2020-11-04 22:21:18,186 DEBUG [org.springframework.beans.factory.support.DefaultListableBeanFactory] - Creating shared instance of singleton bean 'org.springframework.context.event.internalEventListenerFactory'
2020-11-04 22:21:18,187 DEBUG [org.springframework.beans.factory.support.DefaultListableBeanFactory] - Creating shared instance of singleton bean 'org.springframework.context.annotation.internalAutowiredAnnotationProcessor'
2020-11-04 22:21:18,188 DEBUG [org.springframework.beans.factory.support.DefaultListableBeanFactory] - Creating shared instance of singleton bean 'org.springframework.context.annotation.internalCommonAnnotationProcessor'
2020-11-04 22:21:18,188 DEBUG [org.springframework.ui.context.support.UiApplicationContextUtils] - Unable to locate ThemeSource with name 'themeSource': using default [org.springframework.ui.context.support.DelegatingThemeSource@3c399a20]
2020-11-04 22:21:18,189 DEBUG [org.springframework.beans.factory.support.DefaultListableBeanFactory] - Creating shared instance of singleton bean 'testZtreeDataController'
2020-11-04 22:21:18,196 DEBUG [org.springframework.beans.factory.support.DefaultListableBeanFactory] - Creating shared instance of singleton bean 'companyController'
2020-11-04 22:21:18,197 DEBUG [org.springframework.beans.factory.support.DefaultListableBeanFactory] - Creating shared instance of singleton bean 'homeController'
2020-11-04 22:21:18,198 DEBUG [org.springframework.beans.factory.support.DefaultListableBeanFactory] - Creating shared instance of singleton bean 'deptController'
2020-11-04 22:21:18,199 DEBUG [org.springframework.beans.factory.support.DefaultListableBeanFactory] - Creating shared instance of singleton bean 'moduleController'
2020-11-04 22:21:18,201 DEBUG [org.springframework.beans.factory.support.DefaultListableBeanFactory] - Creating shared instance of singleton bean 'roleController'
2020-11-04 22:21:18,203 DEBUG [org.springframework.beans.factory.support.DefaultListableBeanFactory] - Creating shared instance of singleton bean 'userController'
2020-11-04 22:21:18,206 DEBUG [org.springframework.beans.factory.support.DefaultListableBeanFactory] - Creating shared instance of singleton bean 'org.springframework.web.servlet.view.InternalResourceViewResolver#0'
2020-11-04 22:21:18,228 DEBUG [org.springframework.beans.factory.support.DefaultListableBeanFactory] - Creating shared instance of singleton bean 'mvcContentNegotiationManager'
2020-11-04 22:21:18,242 DEBUG [org.springframework.beans.factory.support.DefaultListableBeanFactory] - Creating shared instance of singleton bean 'org.springframework.web.servlet.mvc.method.annotation.RequestMappingHandlerMapping'
2020-11-04 22:21:18,273 DEBUG [org.springframework.beans.factory.support.DefaultListableBeanFactory] - Creating shared instance of singleton bean 'mvcCorsConfigurations'
2020-11-04 22:21:18,274 DEBUG [org.springframework.beans.factory.support.DefaultListableBeanFactory] - Creating shared instance of singleton bean 'org.springframework.web.servlet.handler.MappedInterceptor#0'
2020-11-04 22:21:18,274 DEBUG [org.springframework.beans.factory.support.DefaultListableBeanFactory] - Creating shared instance of singleton bean 'conversionServiceFactory'
2020-11-04 22:21:18,275 DEBUG [org.springframework.beans.factory.support.DefaultListableBeanFactory] - Creating shared instance of singleton bean 'stringToDateConverter'
2020-11-04 22:21:18,356 DEBUG [org.springframework.web.servlet.mvc.method.annotation.RequestMappingHandlerMapping] - 41 mappings in 'org.springframework.web.servlet.mvc.method.annotation.RequestMappingHandlerMapping'
2020-11-04 22:21:18,356 DEBUG [org.springframework.beans.factory.support.DefaultListableBeanFactory] - Creating shared instance of singleton bean 'org.springframework.web.servlet.mvc.method.annotation.RequestMappingHandlerAdapter'
2020-11-04 22:21:18,624 DEBUG [org.springframework.web.servlet.mvc.method.annotation.RequestMappingHandlerAdapter] - ControllerAdvice beans: 0 @ModelAttribute, 0 @InitBinder, 1 RequestBodyAdvice, 1 ResponseBodyAdvice
2020-11-04 22:21:18,668 DEBUG [org.springframework.beans.factory.support.DefaultListableBeanFactory] - Creating shared instance of singleton bean 'mvcUriComponentsContributor'
2020-11-04 22:21:18,682 DEBUG [org.springframework.web.servlet.mvc.method.annotation.RequestMappingHandlerAdapter] - ControllerAdvice beans: 0 @ModelAttribute, 0 @InitBinder, 1 RequestBodyAdvice, 1 ResponseBodyAdvice
2020-11-04 22:21:18,687 DEBUG [org.springframework.beans.factory.support.DefaultListableBeanFactory] - Creating shared instance of singleton bean 'org.springframework.web.servlet.mvc.method.annotation.ExceptionHandlerExceptionResolver#0'
2020-11-04 22:21:18,712 DEBUG [org.springframework.web.servlet.mvc.method.annotation.ExceptionHandlerExceptionResolver] - ControllerAdvice beans: 0 @ExceptionHandler, 1 ResponseBodyAdvice
2020-11-04 22:21:18,713 DEBUG [org.springframework.beans.factory.support.DefaultListableBeanFactory] - Creating shared instance of singleton bean 'org.springframework.web.servlet.mvc.annotation.ResponseStatusExceptionResolver#0'
2020-11-04 22:21:18,717 DEBUG [org.springframework.beans.factory.support.DefaultListableBeanFactory] - Creating shared instance of singleton bean 'org.springframework.web.servlet.mvc.support.DefaultHandlerExceptionResolver#0'
2020-11-04 22:21:18,719 DEBUG [org.springframework.beans.factory.support.DefaultListableBeanFactory] - Creating shared instance of singleton bean 'org.springframework.web.servlet.handler.BeanNameUrlHandlerMapping'
2020-11-04 22:21:18,727 DEBUG [org.springframework.beans.factory.support.DefaultListableBeanFactory] - Creating shared instance of singleton bean 'org.springframework.web.servlet.mvc.HttpRequestHandlerAdapter'
2020-11-04 22:21:18,728 DEBUG [org.springframework.beans.factory.support.DefaultListableBeanFactory] - Creating shared instance of singleton bean 'org.springframework.web.servlet.mvc.SimpleControllerHandlerAdapter'
2020-11-04 22:21:18,728 DEBUG [org.springframework.beans.factory.support.DefaultListableBeanFactory] - Creating shared instance of singleton bean 'myExceptionResolver'
2020-11-04 22:21:18,739 DEBUG [org.springframework.jndi.JndiTemplate] - Looking up JNDI object with name [java:comp/env/spring.liveBeansView.mbeanDomain]
2020-11-04 22:21:18,739 DEBUG [org.springframework.jndi.JndiLocatorDelegate] - Converted JNDI name [java:comp/env/spring.liveBeansView.mbeanDomain] not found - trying original name [spring.liveBeansView.mbeanDomain]. javax.naming.NameNotFoundException: Name [spring.liveBeansView.mbeanDomain] is not bound in this Context. Unable to find [spring.liveBeansView.mbeanDomain].
2020-11-04 22:21:18,740 DEBUG [org.springframework.jndi.JndiTemplate] - Looking up JNDI object with name [spring.liveBeansView.mbeanDomain]
2020-11-04 22:21:18,740 DEBUG [org.springframework.jndi.JndiPropertySource] - JNDI lookup for name [spring.liveBeansView.mbeanDomain] threw NamingException with message: Name [spring.liveBeansView.mbeanDomain] is not bound in this Context. Unable to find [spring.liveBeansView.mbeanDomain].. Returning null.
2020-11-04 22:21:18,740 DEBUG [org.springframework.web.servlet.DispatcherServlet] - enableLoggingRequestDetails='false': request parameters and headers will be masked to prevent unsafe logging of potentially sensitive data
2020-11-04 22:21:18,740 INFO [org.springframework.web.servlet.DispatcherServlet] - Completed initialization in 723 ms
2020-11-04 22:21:44,027 DEBUG [org.springframework.web.servlet.DispatcherServlet] - POST "/Export-Parent/admin/user/login.do", parameters={masked}
2020-11-04 22:21:44,033 DEBUG [org.springframework.web.servlet.mvc.method.annotation.RequestMappingHandlerMapping] - Mapped to cn.htl.web.controller.system.user.UserController#login(String, String)
2020-11-04 22:21:44,069 DEBUG [org.mybatis.spring.SqlSessionUtils] - Creating a new SqlSession
2020-11-04 22:21:44,076 DEBUG [org.mybatis.spring.SqlSessionUtils] - SqlSession [org.apache.ibatis.session.defaults.DefaultSqlSession@6f1c12cc] was not registered for synchronization because synchronization is not active
2020-11-04 22:21:44,087 DEBUG [org.springframework.jdbc.datasource.DataSourceUtils] - Fetching JDBC Connection from DataSource
2020-11-04 22:21:44,111 INFO [com.alibaba.druid.pool.DruidDataSource] - {dataSource-1} inited
2020-11-04 22:21:44,296 DEBUG [org.mybatis.spring.transaction.SpringManagedTransaction] - JDBC Connection [com.mysql.jdbc.JDBC4Connection@2b71a2b1] will not be managed by Spring
2020-11-04 22:21:44,298 DEBUG [cn.htl.dao.system.user.IUserDao.findByEmail] - ==>  Preparing: select * from pe_user where email=?; 
2020-11-04 22:21:44,310 DEBUG [cn.htl.dao.system.user.IUserDao.findByEmail] - ==> Parameters: htl848112204@163.com(String)
2020-11-04 22:21:44,320 DEBUG [cn.htl.dao.system.user.IUserDao.findByEmail] - <==      Total: 1
2020-11-04 22:21:44,321 DEBUG [org.mybatis.spring.SqlSessionUtils] - Closing non transactional SqlSession [org.apache.ibatis.session.defaults.DefaultSqlSession@6f1c12cc]
2020-11-04 22:21:44,328 DEBUG [org.springframework.web.servlet.view.RedirectView] - View name 'redirect:', model {}
2020-11-04 22:21:44,330 DEBUG [org.springframework.web.servlet.DispatcherServlet] - Completed 302 FOUND
2020-11-04 22:21:44,334 DEBUG [org.springframework.web.servlet.DispatcherServlet] - GET "/Export-Parent/home/toMain.do", parameters={}
2020-11-04 22:21:44,335 DEBUG [org.springframework.web.servlet.mvc.method.annotation.RequestMappingHandlerMapping] - Mapped to cn.htl.web.controller.home.HomeController#toMain()
2020-11-04 22:21:44,336 DEBUG [org.springframework.web.servlet.view.JstlView] - View name 'home/main', model {}
2020-11-04 22:21:44,342 DEBUG [org.springframework.web.servlet.view.JstlView] - Forwarding to [/WEB-INF/pages/home/main.jsp]
2020-11-04 22:21:44,743 DEBUG [org.springframework.web.servlet.DispatcherServlet] - Completed 200 OK
2020-11-04 22:21:44,769 DEBUG [org.springframework.web.servlet.DispatcherServlet] - GET "/Export-Parent/home/toHome.do", parameters={}
2020-11-04 22:21:44,770 DEBUG [org.springframework.web.servlet.mvc.method.annotation.RequestMappingHandlerMapping] - Mapped to cn.htl.web.controller.home.HomeController#toHome()
2020-11-04 22:21:44,771 DEBUG [org.springframework.web.servlet.view.JstlView] - View name 'home/home', model {}
2020-11-04 22:21:44,771 DEBUG [org.springframework.web.servlet.view.JstlView] - Forwarding to [/WEB-INF/pages/home/home.jsp]
2020-11-04 22:21:44,908 DEBUG [org.springframework.web.servlet.DispatcherServlet] - Completed 200 OK
2020-11-04 22:22:58,799 DEBUG [org.springframework.web.servlet.DispatcherServlet] - GET "/Export-Parent/home/toMain.do", parameters={}
2020-11-04 22:22:58,800 DEBUG [org.springframework.web.servlet.mvc.method.annotation.RequestMappingHandlerMapping] - Mapped to cn.htl.web.controller.home.HomeController#toMain()
2020-11-04 22:22:58,800 DEBUG [org.springframework.web.servlet.view.JstlView] - View name 'home/main', model {}
2020-11-04 22:22:58,801 DEBUG [org.springframework.web.servlet.view.JstlView] - Forwarding to [/WEB-INF/pages/home/main.jsp]
2020-11-04 22:22:58,809 DEBUG [org.springframework.web.servlet.DispatcherServlet] - Completed 200 OK
2020-11-04 22:22:58,883 DEBUG [org.springframework.web.servlet.DispatcherServlet] - GET "/Export-Parent/home/toHome.do", parameters={}
2020-11-04 22:22:58,884 DEBUG [org.springframework.web.servlet.mvc.method.annotation.RequestMappingHandlerMapping] - Mapped to cn.htl.web.controller.home.HomeController#toHome()
2020-11-04 22:22:58,884 DEBUG [org.springframework.web.servlet.view.JstlView] - View name 'home/home', model {}
2020-11-04 22:22:58,885 DEBUG [org.springframework.web.servlet.view.JstlView] - Forwarding to [/WEB-INF/pages/home/home.jsp]
2020-11-04 22:22:58,888 DEBUG [org.springframework.web.servlet.DispatcherServlet] - Completed 200 OK
2020-11-04 22:23:05,953 DEBUG [org.springframework.web.servlet.DispatcherServlet] - GET "/Export-Parent/admin/user/logout.do", parameters={}
2020-11-04 22:23:05,954 DEBUG [org.springframework.web.servlet.mvc.method.annotation.RequestMappingHandlerMapping] - Mapped to cn.htl.web.controller.system.user.UserController#logout()
2020-11-04 22:23:05,955 DEBUG [org.springframework.web.servlet.view.RedirectView] - View name 'redirect:', model {}
2020-11-04 22:23:05,955 DEBUG [org.springframework.web.servlet.DispatcherServlet] - Completed 302 FOUND
2020-11-04 22:23:12,741 DEBUG [org.springframework.web.servlet.DispatcherServlet] - POST "/Export-Parent/admin/user/login.do", parameters={masked}
2020-11-04 22:23:12,742 DEBUG [org.springframework.web.servlet.mvc.method.annotation.RequestMappingHandlerMapping] - Mapped to cn.htl.web.controller.system.user.UserController#login(String, String)
2020-11-04 22:23:12,743 DEBUG [org.mybatis.spring.SqlSessionUtils] - Creating a new SqlSession
2020-11-04 22:23:12,743 DEBUG [org.mybatis.spring.SqlSessionUtils] - SqlSession [org.apache.ibatis.session.defaults.DefaultSqlSession@17f0bb05] was not registered for synchronization because synchronization is not active
2020-11-04 22:23:12,745 DEBUG [org.springframework.jdbc.datasource.DataSourceUtils] - Fetching JDBC Connection from DataSource
2020-11-04 22:23:12,750 DEBUG [org.mybatis.spring.transaction.SpringManagedTransaction] - JDBC Connection [com.mysql.jdbc.JDBC4Connection@2b71a2b1] will not be managed by Spring
2020-11-04 22:23:12,750 DEBUG [cn.htl.dao.system.user.IUserDao.findByEmail] - ==>  Preparing: select * from pe_user where email=?; 
2020-11-04 22:23:12,751 DEBUG [cn.htl.dao.system.user.IUserDao.findByEmail] - ==> Parameters: htl848112204@163.com(String)
2020-11-04 22:23:12,752 DEBUG [cn.htl.dao.system.user.IUserDao.findByEmail] - <==      Total: 1
2020-11-04 22:23:12,752 DEBUG [org.mybatis.spring.SqlSessionUtils] - Closing non transactional SqlSession [org.apache.ibatis.session.defaults.DefaultSqlSession@17f0bb05]
2020-11-04 22:23:12,753 DEBUG [org.springframework.web.servlet.view.RedirectView] - View name 'redirect:', model {}
2020-11-04 22:23:12,753 DEBUG [org.springframework.web.servlet.DispatcherServlet] - Completed 302 FOUND
2020-11-04 22:23:12,756 DEBUG [org.springframework.web.servlet.DispatcherServlet] - GET "/Export-Parent/home/toMain.do", parameters={}
2020-11-04 22:23:12,756 DEBUG [org.springframework.web.servlet.mvc.method.annotation.RequestMappingHandlerMapping] - Mapped to cn.htl.web.controller.home.HomeController#toMain()
2020-11-04 22:23:12,757 DEBUG [org.springframework.web.servlet.view.JstlView] - View name 'home/main', model {}
2020-11-04 22:23:12,757 DEBUG [org.springframework.web.servlet.view.JstlView] - Forwarding to [/WEB-INF/pages/home/main.jsp]
2020-11-04 22:23:12,765 DEBUG [org.springframework.web.servlet.DispatcherServlet] - Completed 200 OK
2020-11-04 22:23:12,834 DEBUG [org.springframework.web.servlet.DispatcherServlet] - GET "/Export-Parent/home/toHome.do", parameters={}
2020-11-04 22:23:12,835 DEBUG [org.springframework.web.servlet.mvc.method.annotation.RequestMappingHandlerMapping] - Mapped to cn.htl.web.controller.home.HomeController#toHome()
2020-11-04 22:23:12,836 DEBUG [org.springframework.web.servlet.view.JstlView] - View name 'home/home', model {}
2020-11-04 22:23:12,836 DEBUG [org.springframework.web.servlet.view.JstlView] - Forwarding to [/WEB-INF/pages/home/home.jsp]
2020-11-04 22:23:12,838 DEBUG [org.springframework.web.servlet.DispatcherServlet] - Completed 200 OK
2020-11-04 22:23:35,982 DEBUG [org.springframework.web.context.support.XmlWebApplicationContext] - Closing WebApplicationContext for namespace 'dispatcherServlet-servlet', started on Wed Nov 04 22:21:18 CST 2020, parent: Root WebApplicationContext
2020-11-04 22:23:35,985 DEBUG [org.springframework.web.context.support.XmlWebApplicationContext] - Closing Root WebApplicationContext, started on Wed Nov 04 22:21:16 CST 2020
2020-11-04 22:23:35,991 INFO [com.alibaba.druid.pool.DruidDataSource] - {dataSource-1} closed
